{"contracts\\Fundraiser.sol":{"l":{"18":3,"22":0,"23":0,"24":0,"28":1,"29":1,"30":1,"34":1,"35":1,"36":1,"40":1,"41":1,"45":1,"49":0,"50":0,"54":0,"55":0,"56":0,"60":0,"64":0,"65":0,"69":1},"path":"C:\\Users\\Gen\\Documents\\Train\\Funding_Dapp_Project\\contracts\\Fundraiser.sol","s":{"1":3,"2":0,"3":0,"4":1,"5":1,"6":1,"7":1,"8":1,"9":1,"10":1,"11":0,"12":0,"13":0,"14":0,"15":0,"16":0,"17":0,"18":0,"19":1},"b":{"1":[0,0],"2":[1,0],"3":[1,0],"4":[0,0]},"f":{"1":3,"2":0,"3":1,"4":1,"5":1,"6":1,"7":0,"8":0,"9":0,"10":0,"11":1},"fnMap":{"1":{"name":"constructor","line":17,"loc":{"start":{"line":17,"column":4},"end":{"line":19,"column":4}}},"2":{"name":"onlyOwner","line":21,"loc":{"start":{"line":21,"column":4},"end":{"line":25,"column":4}}},"3":{"name":"notOwner","line":27,"loc":{"start":{"line":27,"column":4},"end":{"line":31,"column":4}}},"4":{"name":"donationWithinBounds","line":33,"loc":{"start":{"line":33,"column":4},"end":{"line":37,"column":4}}},"5":{"name":"makeCampaign","line":39,"loc":{"start":{"line":39,"column":4},"end":{"line":42,"column":4}}},"6":{"name":"donate","line":44,"loc":{"start":{"line":44,"column":4},"end":{"line":46,"column":4}}},"7":{"name":"isGoalReached","line":48,"loc":{"start":{"line":48,"column":4},"end":{"line":51,"column":4}}},"8":{"name":"endFundraiser","line":53,"loc":{"start":{"line":53,"column":4},"end":{"line":57,"column":4}}},"9":{"name":"getList","line":59,"loc":{"start":{"line":59,"column":4},"end":{"line":61,"column":4}}},"10":{"name":"getEther","line":63,"loc":{"start":{"line":63,"column":4},"end":{"line":66,"column":4}}},"11":{"name":"getCampaign","line":68,"loc":{"start":{"line":68,"column":4},"end":{"line":70,"column":4}}}},"statementMap":{"1":{"start":{"line":18,"column":8},"end":{"line":18,"column":25}},"2":{"start":{"line":22,"column":8},"end":{"line":22,"column":59}},"3":{"start":{"line":23,"column":8},"end":{"line":23,"column":110}},"4":{"start":{"line":28,"column":8},"end":{"line":28,"column":59}},"5":{"start":{"line":29,"column":8},"end":{"line":29,"column":110}},"6":{"start":{"line":34,"column":8},"end":{"line":34,"column":57}},"7":{"start":{"line":35,"column":8},"end":{"line":35,"column":53}},"8":{"start":{"line":40,"column":8},"end":{"line":40,"column":143}},"9":{"start":{"line":41,"column":8},"end":{"line":41,"column":36}},"10":{"start":{"line":45,"column":8},"end":{"line":45,"column":50}},"11":{"start":{"line":49,"column":8},"end":{"line":49,"column":59}},"12":{"start":{"line":50,"column":8},"end":{"line":50,"column":64}},"13":{"start":{"line":54,"column":8},"end":{"line":54,"column":44}},"14":{"start":{"line":55,"column":8},"end":{"line":55,"column":59}},"15":{"start":{"line":56,"column":8},"end":{"line":56,"column":75}},"16":{"start":{"line":60,"column":8},"end":{"line":60,"column":26}},"17":{"start":{"line":64,"column":8},"end":{"line":64,"column":59}},"18":{"start":{"line":65,"column":8},"end":{"line":65,"column":48}},"19":{"start":{"line":69,"column":8},"end":{"line":69,"column":33}}},"branchMap":{"1":{"line":23,"type":"if","locations":[{"start":{"line":23,"column":8},"end":{"line":23,"column":8}},{"start":{"line":23,"column":8},"end":{"line":23,"column":8}}]},"2":{"line":29,"type":"if","locations":[{"start":{"line":29,"column":8},"end":{"line":29,"column":8}},{"start":{"line":29,"column":8},"end":{"line":29,"column":8}}]},"3":{"line":35,"type":"if","locations":[{"start":{"line":35,"column":8},"end":{"line":35,"column":8}},{"start":{"line":35,"column":8},"end":{"line":35,"column":8}}]},"4":{"line":54,"type":"if","locations":[{"start":{"line":54,"column":8},"end":{"line":54,"column":8}},{"start":{"line":54,"column":8},"end":{"line":54,"column":8}}]}}}}