{
"contracts\\Fundraiser.sol":{"l":{"17":3,"22":3,"23":3,"27":6,"31":1,"32":1,"36":1,"37":1,"38":1,"39":1,"43":1,"47":1,"48":1,"52":2},"path":"C:\\Users\\Gen\\Documents\\Train\\Funding_Dapp_Project\\contracts\\Fundraiser.sol","s":{"1":3,"2":3,"3":3,"4":6,"5":1,"6":1,"7":1,"8":1,"9":1,"10":1,"11":1,"12":1,"13":2},"b":{},"f":{"1":3,"2":3,"3":6,"4":1,"5":1,"6":1,"7":1,"8":2},"fnMap":{"1":{"name":"constructor","line":16,"loc":{"start":{"line":16,"column":4},"end":{"line":18,"column":4}}},"2":{"name":"makeCampaign","line":21,"loc":{"start":{"line":21,"column":4},"end":{"line":24,"column":4}}},"3":{"name":"donate","line":26,"loc":{"start":{"line":26,"column":4},"end":{"line":28,"column":4}}},"4":{"name":"isGoalReached","line":30,"loc":{"start":{"line":30,"column":4},"end":{"line":33,"column":4}}},"5":{"name":"endFundraiser","line":35,"loc":{"start":{"line":35,"column":4},"end":{"line":40,"column":4}}},"6":{"name":"getList","line":42,"loc":{"start":{"line":42,"column":4},"end":{"line":44,"column":4}}},"7":{"name":"getEther","line":46,"loc":{"start":{"line":46,"column":4},"end":{"line":49,"column":4}}},"8":{"name":"getCampaign","line":51,"loc":{"start":{"line":51,"column":4},"end":{"line":53,"column":4}}}},"statementMap":{"1":{"start":{"line":17,"column":8},"end":{"line":17,"column":25}},"2":{"start":{"line":22,"column":8},"end":{"line":22,"column":108}},"3":{"start":{"line":23,"column":8},"end":{"line":23,"column":36}},"4":{"start":{"line":27,"column":8},"end":{"line":27,"column":82}},"5":{"start":{"line":31,"column":8},"end":{"line":31,"column":59}},"6":{"start":{"line":32,"column":8},"end":{"line":32,"column":64}},"7":{"start":{"line":36,"column":8},"end":{"line":36,"column":59}},"8":{"start":{"line":37,"column":8},"end":{"line":37,"column":49}},"9":{"start":{"line":38,"column":8},"end":{"line":38,"column":61}},"10":{"start":{"line":43,"column":8},"end":{"line":43,"column":26}},"11":{"start":{"line":47,"column":8},"end":{"line":47,"column":59}},"12":{"start":{"line":48,"column":8},"end":{"line":48,"column":41}},"13":{"start":{"line":52,"column":8},"end":{"line":52,"column":33}}},"branchMap":{}}}
