TN:
SF:C:\Users\Gen\Documents\Train\Funding_Dapp_Project\contracts\Fundraiser.sol
FN:17,constructor
FN:21,onlyOwner
FN:27,notOwner
FN:33,donationWithinBounds
FN:39,makeCampaign
FN:44,donate
FN:48,isGoalReached
FN:53,endFundraiser
FN:59,getList
FN:63,getEther
FN:68,getCampaign
FNF:11
FNH:6
FNDA:3,constructor
FNDA:0,onlyOwner
FNDA:1,notOwner
FNDA:1,donationWithinBounds
FNDA:1,makeCampaign
FNDA:1,donate
FNDA:0,isGoalReached
FNDA:0,endFundraiser
FNDA:0,getList
FNDA:0,getEther
FNDA:1,getCampaign
DA:18,3
DA:22,0
DA:23,0
DA:24,0
DA:28,1
DA:29,1
DA:30,1
DA:34,1
DA:35,1
DA:36,1
DA:40,1
DA:41,1
DA:45,1
DA:49,0
DA:50,0
DA:54,0
DA:55,0
DA:56,0
DA:60,0
DA:64,0
DA:65,0
DA:69,1
LF:22
LH:11
BRDA:23,1,0,0
BRDA:23,1,1,0
BRDA:29,2,0,1
BRDA:29,2,1,0
BRDA:35,3,0,1
BRDA:35,3,1,0
BRDA:54,4,0,0
BRDA:54,4,1,0
BRF:8
BRH:2
end_of_record
