TN:
SF:C:\Users\Gen\Documents\Train\Funding_Dapp_Project\contracts\Fundraiser.sol
FN:16,constructor
FN:21,makeCampaign
FN:26,donate
FN:30,isGoalReached
FN:35,endFundraiser
FN:42,getList
FN:46,getEther
FN:51,getCampaign
FNF:8
FNH:8
FNDA:3,constructor
FNDA:3,makeCampaign
FNDA:6,donate
FNDA:1,isGoalReached
FNDA:1,endFundraiser
FNDA:1,getList
FNDA:1,getEther
FNDA:2,getCampaign
DA:17,3
DA:22,3
DA:23,3
DA:27,6
DA:31,1
DA:32,1
DA:36,1
DA:37,1
DA:38,1
DA:39,1
DA:43,1
DA:47,1
DA:48,1
DA:52,2
LF:14
LH:14
BRF:0
BRH:0
end_of_record
